[2022-12-26T11:31:34.813+0000] {taskinstance.py:1087} INFO - Dependencies all met for <TaskInstance: data_ingestion_to_cloud.download_file manual__2022-01-01T08:41:01+00:00 [queued]>
[2022-12-26T11:31:34.819+0000] {taskinstance.py:1087} INFO - Dependencies all met for <TaskInstance: data_ingestion_to_cloud.download_file manual__2022-01-01T08:41:01+00:00 [queued]>
[2022-12-26T11:31:34.820+0000] {taskinstance.py:1283} INFO - 
--------------------------------------------------------------------------------
[2022-12-26T11:31:34.821+0000] {taskinstance.py:1284} INFO - Starting attempt 9 of 9
[2022-12-26T11:31:34.821+0000] {taskinstance.py:1285} INFO - 
--------------------------------------------------------------------------------
[2022-12-26T11:31:34.829+0000] {taskinstance.py:1304} INFO - Executing <Task(PythonOperator): download_file> on 2022-01-01 08:41:01+00:00
[2022-12-26T11:31:34.836+0000] {standard_task_runner.py:55} INFO - Started process 11199 to run task
[2022-12-26T11:31:34.840+0000] {standard_task_runner.py:82} INFO - Running: ['***', 'tasks', 'run', 'data_ingestion_to_cloud', 'download_file', 'manual__2022-01-01T08:41:01+00:00', '--job-id', '29', '--raw', '--subdir', 'DAGS_FOLDER/ingestion_dag.py', '--cfg-path', '/tmp/tmpvgfg_hxf']
[2022-12-26T11:31:34.843+0000] {standard_task_runner.py:83} INFO - Job 29: Subtask download_file
[2022-12-26T11:31:34.895+0000] {task_command.py:389} INFO - Running <TaskInstance: data_ingestion_to_cloud.download_file manual__2022-01-01T08:41:01+00:00 [running]> on host f33a20ab9138
[2022-12-26T11:31:34.939+0000] {taskinstance.py:1513} INFO - Exporting the following env vars:
AIRFLOW_CTX_DAG_OWNER=***
AIRFLOW_CTX_DAG_ID=data_ingestion_to_cloud
AIRFLOW_CTX_TASK_ID=download_file
AIRFLOW_CTX_EXECUTION_DATE=2022-01-01T08:41:01+00:00
AIRFLOW_CTX_TRY_NUMBER=9
AIRFLOW_CTX_DAG_RUN_ID=manual__2022-01-01T08:41:01+00:00
[2022-12-26T11:31:34.941+0000] {logging_mixin.py:137} INFO - 2022-01-01
[2022-12-26T11:31:37.064+0000] {python.py:177} INFO - Done. Returned value was: None
[2022-12-26T11:31:37.076+0000] {taskinstance.py:1327} INFO - Marking task as SUCCESS. dag_id=data_ingestion_to_cloud, task_id=download_file, execution_date=20220101T084101, start_date=20221226T113134, end_date=20221226T113137
[2022-12-26T11:31:37.121+0000] {local_task_job.py:159} INFO - Task exited with return code 0
[2022-12-26T11:31:37.144+0000] {taskinstance.py:2582} INFO - 1 downstream tasks scheduled from follow-on schedule check
