[2022-12-26T13:39:13.689+0000] {taskinstance.py:1087} INFO - Dependencies all met for <TaskInstance: data_ingestion_to_cloud.download_file manual__2022-01-01T08:41:01+00:00 [queued]>
[2022-12-26T13:39:13.695+0000] {taskinstance.py:1087} INFO - Dependencies all met for <TaskInstance: data_ingestion_to_cloud.download_file manual__2022-01-01T08:41:01+00:00 [queued]>
[2022-12-26T13:39:13.695+0000] {taskinstance.py:1283} INFO - 
--------------------------------------------------------------------------------
[2022-12-26T13:39:13.696+0000] {taskinstance.py:1284} INFO - Starting attempt 10 of 10
[2022-12-26T13:39:13.696+0000] {taskinstance.py:1285} INFO - 
--------------------------------------------------------------------------------
[2022-12-26T13:39:13.704+0000] {taskinstance.py:1304} INFO - Executing <Task(PythonOperator): download_file> on 2022-01-01 08:41:01+00:00
[2022-12-26T13:39:13.710+0000] {standard_task_runner.py:55} INFO - Started process 2812 to run task
[2022-12-26T13:39:13.713+0000] {standard_task_runner.py:82} INFO - Running: ['***', 'tasks', 'run', 'data_ingestion_to_cloud', 'download_file', 'manual__2022-01-01T08:41:01+00:00', '--job-id', '47', '--raw', '--subdir', 'DAGS_FOLDER/ingestion_dag.py', '--cfg-path', '/tmp/tmpagsxaa_f']
[2022-12-26T13:39:13.716+0000] {standard_task_runner.py:83} INFO - Job 47: Subtask download_file
[2022-12-26T13:39:13.764+0000] {task_command.py:389} INFO - Running <TaskInstance: data_ingestion_to_cloud.download_file manual__2022-01-01T08:41:01+00:00 [running]> on host 630310be3161
[2022-12-26T13:39:13.815+0000] {taskinstance.py:1513} INFO - Exporting the following env vars:
AIRFLOW_CTX_DAG_OWNER=***
AIRFLOW_CTX_DAG_ID=data_ingestion_to_cloud
AIRFLOW_CTX_TASK_ID=download_file
AIRFLOW_CTX_EXECUTION_DATE=2022-01-01T08:41:01+00:00
AIRFLOW_CTX_TRY_NUMBER=10
AIRFLOW_CTX_DAG_RUN_ID=manual__2022-01-01T08:41:01+00:00
[2022-12-26T13:39:13.816+0000] {logging_mixin.py:137} INFO - 2022-01-01
[2022-12-26T13:39:15.447+0000] {python.py:177} INFO - Done. Returned value was: None
[2022-12-26T13:39:15.459+0000] {taskinstance.py:1327} INFO - Marking task as SUCCESS. dag_id=data_ingestion_to_cloud, task_id=download_file, execution_date=20220101T084101, start_date=20221226T133913, end_date=20221226T133915
[2022-12-26T13:39:15.496+0000] {local_task_job.py:159} INFO - Task exited with return code 0
[2022-12-26T13:39:15.513+0000] {taskinstance.py:2582} INFO - 1 downstream tasks scheduled from follow-on schedule check
