[2022-12-26T09:13:26.324+0000] {taskinstance.py:1087} INFO - Dependencies all met for <TaskInstance: data_ingestion_to_cloud.download_file manual__2022-01-01T08:41:01+00:00 [queued]>
[2022-12-26T09:13:26.332+0000] {taskinstance.py:1087} INFO - Dependencies all met for <TaskInstance: data_ingestion_to_cloud.download_file manual__2022-01-01T08:41:01+00:00 [queued]>
[2022-12-26T09:13:26.333+0000] {taskinstance.py:1283} INFO - 
--------------------------------------------------------------------------------
[2022-12-26T09:13:26.333+0000] {taskinstance.py:1284} INFO - Starting attempt 4 of 4
[2022-12-26T09:13:26.334+0000] {taskinstance.py:1285} INFO - 
--------------------------------------------------------------------------------
[2022-12-26T09:13:26.347+0000] {taskinstance.py:1304} INFO - Executing <Task(PythonOperator): download_file> on 2022-01-01 08:41:01+00:00
[2022-12-26T09:13:26.354+0000] {standard_task_runner.py:55} INFO - Started process 2249 to run task
[2022-12-26T09:13:26.361+0000] {standard_task_runner.py:82} INFO - Running: ['***', 'tasks', 'run', 'data_ingestion_to_cloud', 'download_file', 'manual__2022-01-01T08:41:01+00:00', '--job-id', '21', '--raw', '--subdir', 'DAGS_FOLDER/ingestion_dag.py', '--cfg-path', '/tmp/tmpopx15ybi']
[2022-12-26T09:13:26.364+0000] {standard_task_runner.py:83} INFO - Job 21: Subtask download_file
[2022-12-26T09:13:26.420+0000] {task_command.py:389} INFO - Running <TaskInstance: data_ingestion_to_cloud.download_file manual__2022-01-01T08:41:01+00:00 [running]> on host f33a20ab9138
[2022-12-26T09:13:26.469+0000] {taskinstance.py:1513} INFO - Exporting the following env vars:
AIRFLOW_CTX_DAG_OWNER=***
AIRFLOW_CTX_DAG_ID=data_ingestion_to_cloud
AIRFLOW_CTX_TASK_ID=download_file
AIRFLOW_CTX_EXECUTION_DATE=2022-01-01T08:41:01+00:00
AIRFLOW_CTX_TRY_NUMBER=4
AIRFLOW_CTX_DAG_RUN_ID=manual__2022-01-01T08:41:01+00:00
[2022-12-26T09:13:26.471+0000] {logging_mixin.py:137} INFO - 2022-01-01
[2022-12-26T09:13:28.014+0000] {python.py:177} INFO - Done. Returned value was: None
[2022-12-26T09:13:28.038+0000] {taskinstance.py:1327} INFO - Marking task as SUCCESS. dag_id=data_ingestion_to_cloud, task_id=download_file, execution_date=20220101T084101, start_date=20221226T091326, end_date=20221226T091328
[2022-12-26T09:13:28.068+0000] {local_task_job.py:159} INFO - Task exited with return code 0
[2022-12-26T09:13:28.086+0000] {taskinstance.py:2582} INFO - 0 downstream tasks scheduled from follow-on schedule check
