[2022-12-26T09:17:19.096+0000] {taskinstance.py:1087} INFO - Dependencies all met for <TaskInstance: data_ingestion_to_cloud.download_file manual__2022-02-01T09:17:07+00:00 [queued]>
[2022-12-26T09:17:19.102+0000] {taskinstance.py:1087} INFO - Dependencies all met for <TaskInstance: data_ingestion_to_cloud.download_file manual__2022-02-01T09:17:07+00:00 [queued]>
[2022-12-26T09:17:19.102+0000] {taskinstance.py:1283} INFO - 
--------------------------------------------------------------------------------
[2022-12-26T09:17:19.103+0000] {taskinstance.py:1284} INFO - Starting attempt 1 of 1
[2022-12-26T09:17:19.103+0000] {taskinstance.py:1285} INFO - 
--------------------------------------------------------------------------------
[2022-12-26T09:17:19.111+0000] {taskinstance.py:1304} INFO - Executing <Task(PythonOperator): download_file> on 2022-02-01 09:17:07+00:00
[2022-12-26T09:17:19.117+0000] {standard_task_runner.py:55} INFO - Started process 2496 to run task
[2022-12-26T09:17:19.121+0000] {standard_task_runner.py:82} INFO - Running: ['***', 'tasks', 'run', 'data_ingestion_to_cloud', 'download_file', 'manual__2022-02-01T09:17:07+00:00', '--job-id', '22', '--raw', '--subdir', 'DAGS_FOLDER/ingestion_dag.py', '--cfg-path', '/tmp/tmpy2236dm3']
[2022-12-26T09:17:19.123+0000] {standard_task_runner.py:83} INFO - Job 22: Subtask download_file
[2022-12-26T09:17:19.176+0000] {task_command.py:389} INFO - Running <TaskInstance: data_ingestion_to_cloud.download_file manual__2022-02-01T09:17:07+00:00 [running]> on host f33a20ab9138
[2022-12-26T09:17:19.222+0000] {taskinstance.py:1513} INFO - Exporting the following env vars:
AIRFLOW_CTX_DAG_OWNER=***
AIRFLOW_CTX_DAG_ID=data_ingestion_to_cloud
AIRFLOW_CTX_TASK_ID=download_file
AIRFLOW_CTX_EXECUTION_DATE=2022-02-01T09:17:07+00:00
AIRFLOW_CTX_TRY_NUMBER=1
AIRFLOW_CTX_DAG_RUN_ID=manual__2022-02-01T09:17:07+00:00
[2022-12-26T09:17:19.224+0000] {logging_mixin.py:137} INFO - 2022-02-01
[2022-12-26T09:17:20.769+0000] {python.py:177} INFO - Done. Returned value was: None
[2022-12-26T09:17:20.784+0000] {taskinstance.py:1327} INFO - Marking task as SUCCESS. dag_id=data_ingestion_to_cloud, task_id=download_file, execution_date=20220201T091707, start_date=20221226T091719, end_date=20221226T091720
[2022-12-26T09:17:20.808+0000] {local_task_job.py:159} INFO - Task exited with return code 0
[2022-12-26T09:17:20.826+0000] {taskinstance.py:2582} INFO - 0 downstream tasks scheduled from follow-on schedule check
