[2022-12-25T15:28:33.185+0000] {taskinstance.py:1087} INFO - Dependencies all met for <TaskInstance: data_ingestion_to_cloud.download_file manual__2022-01-01T15:28:08+00:00 [queued]>
[2022-12-25T15:28:33.192+0000] {taskinstance.py:1087} INFO - Dependencies all met for <TaskInstance: data_ingestion_to_cloud.download_file manual__2022-01-01T15:28:08+00:00 [queued]>
[2022-12-25T15:28:33.192+0000] {taskinstance.py:1283} INFO - 
--------------------------------------------------------------------------------
[2022-12-25T15:28:33.193+0000] {taskinstance.py:1284} INFO - Starting attempt 1 of 1
[2022-12-25T15:28:33.193+0000] {taskinstance.py:1285} INFO - 
--------------------------------------------------------------------------------
[2022-12-25T15:28:33.204+0000] {taskinstance.py:1304} INFO - Executing <Task(PythonOperator): download_file> on 2022-01-01 15:28:08+00:00
[2022-12-25T15:28:33.211+0000] {standard_task_runner.py:55} INFO - Started process 1598 to run task
[2022-12-25T15:28:33.215+0000] {standard_task_runner.py:82} INFO - Running: ['***', 'tasks', 'run', 'data_ingestion_to_cloud', 'download_file', 'manual__2022-01-01T15:28:08+00:00', '--job-id', '12', '--raw', '--subdir', 'DAGS_FOLDER/ingestion_dag.py', '--cfg-path', '/tmp/tmp0dzbr4kr']
[2022-12-25T15:28:33.217+0000] {standard_task_runner.py:83} INFO - Job 12: Subtask download_file
[2022-12-25T15:28:33.291+0000] {task_command.py:389} INFO - Running <TaskInstance: data_ingestion_to_cloud.download_file manual__2022-01-01T15:28:08+00:00 [running]> on host ccced4d04fcd
[2022-12-25T15:28:33.342+0000] {taskinstance.py:1513} INFO - Exporting the following env vars:
AIRFLOW_CTX_DAG_OWNER=***
AIRFLOW_CTX_DAG_ID=data_ingestion_to_cloud
AIRFLOW_CTX_TASK_ID=download_file
AIRFLOW_CTX_EXECUTION_DATE=2022-01-01T15:28:08+00:00
AIRFLOW_CTX_TRY_NUMBER=1
AIRFLOW_CTX_DAG_RUN_ID=manual__2022-01-01T15:28:08+00:00
[2022-12-25T15:28:34.665+0000] {python.py:177} INFO - Done. Returned value was: None
[2022-12-25T15:28:34.681+0000] {taskinstance.py:1327} INFO - Marking task as SUCCESS. dag_id=data_ingestion_to_cloud, task_id=download_file, execution_date=20220101T152808, start_date=20221225T152833, end_date=20221225T152834
[2022-12-25T15:28:34.723+0000] {local_task_job.py:159} INFO - Task exited with return code 0
[2022-12-25T15:28:34.738+0000] {taskinstance.py:2582} INFO - 0 downstream tasks scheduled from follow-on schedule check
