[2022-12-25T14:51:10.090+0000] {taskinstance.py:1087} INFO - Dependencies all met for <TaskInstance: data_ingestion_to_cloud.download_file scheduled__2022-11-01T00:00:00+00:00 [queued]>
[2022-12-25T14:51:10.096+0000] {taskinstance.py:1087} INFO - Dependencies all met for <TaskInstance: data_ingestion_to_cloud.download_file scheduled__2022-11-01T00:00:00+00:00 [queued]>
[2022-12-25T14:51:10.097+0000] {taskinstance.py:1283} INFO - 
--------------------------------------------------------------------------------
[2022-12-25T14:51:10.097+0000] {taskinstance.py:1284} INFO - Starting attempt 1 of 1
[2022-12-25T14:51:10.098+0000] {taskinstance.py:1285} INFO - 
--------------------------------------------------------------------------------
[2022-12-25T14:51:10.105+0000] {taskinstance.py:1304} INFO - Executing <Task(PythonOperator): download_file> on 2022-11-01 00:00:00+00:00
[2022-12-25T14:51:10.110+0000] {standard_task_runner.py:55} INFO - Started process 1564 to run task
[2022-12-25T14:51:10.113+0000] {standard_task_runner.py:82} INFO - Running: ['***', 'tasks', 'run', 'data_ingestion_to_cloud', 'download_file', 'scheduled__2022-11-01T00:00:00+00:00', '--job-id', '7', '--raw', '--subdir', 'DAGS_FOLDER/ingestion_dag.py', '--cfg-path', '/tmp/tmpdaw11ui5']
[2022-12-25T14:51:10.115+0000] {standard_task_runner.py:83} INFO - Job 7: Subtask download_file
[2022-12-25T14:51:10.166+0000] {task_command.py:389} INFO - Running <TaskInstance: data_ingestion_to_cloud.download_file scheduled__2022-11-01T00:00:00+00:00 [running]> on host df19440fc74d
[2022-12-25T14:51:10.214+0000] {taskinstance.py:1513} INFO - Exporting the following env vars:
AIRFLOW_CTX_DAG_OWNER=***
AIRFLOW_CTX_DAG_ID=data_ingestion_to_cloud
AIRFLOW_CTX_TASK_ID=download_file
AIRFLOW_CTX_EXECUTION_DATE=2022-11-01T00:00:00+00:00
AIRFLOW_CTX_TRY_NUMBER=1
AIRFLOW_CTX_DAG_RUN_ID=scheduled__2022-11-01T00:00:00+00:00
[2022-12-25T14:51:11.507+0000] {python.py:177} INFO - Done. Returned value was: None
[2022-12-25T14:51:11.538+0000] {taskinstance.py:1327} INFO - Marking task as SUCCESS. dag_id=data_ingestion_to_cloud, task_id=download_file, execution_date=20221101T000000, start_date=20221225T145110, end_date=20221225T145111
[2022-12-25T14:51:11.586+0000] {local_task_job.py:159} INFO - Task exited with return code 0
[2022-12-25T14:51:11.606+0000] {taskinstance.py:2582} INFO - 0 downstream tasks scheduled from follow-on schedule check
