[2022-12-26T13:39:16.681+0000] {taskinstance.py:1087} INFO - Dependencies all met for <TaskInstance: data_ingestion_to_cloud.upload_file_to_gcs manual__2022-01-01T08:41:01+00:00 [queued]>
[2022-12-26T13:39:16.686+0000] {taskinstance.py:1087} INFO - Dependencies all met for <TaskInstance: data_ingestion_to_cloud.upload_file_to_gcs manual__2022-01-01T08:41:01+00:00 [queued]>
[2022-12-26T13:39:16.687+0000] {taskinstance.py:1283} INFO - 
--------------------------------------------------------------------------------
[2022-12-26T13:39:16.688+0000] {taskinstance.py:1284} INFO - Starting attempt 11 of 11
[2022-12-26T13:39:16.688+0000] {taskinstance.py:1285} INFO - 
--------------------------------------------------------------------------------
[2022-12-26T13:39:16.696+0000] {taskinstance.py:1304} INFO - Executing <Task(PythonOperator): upload_file_to_gcs> on 2022-01-01 08:41:01+00:00
[2022-12-26T13:39:16.701+0000] {standard_task_runner.py:55} INFO - Started process 2817 to run task
[2022-12-26T13:39:16.705+0000] {standard_task_runner.py:82} INFO - Running: ['***', 'tasks', 'run', 'data_ingestion_to_cloud', 'upload_file_to_gcs', 'manual__2022-01-01T08:41:01+00:00', '--job-id', '48', '--raw', '--subdir', 'DAGS_FOLDER/ingestion_dag.py', '--cfg-path', '/tmp/tmp1wm8gijk']
[2022-12-26T13:39:16.708+0000] {standard_task_runner.py:83} INFO - Job 48: Subtask upload_file_to_gcs
[2022-12-26T13:39:16.754+0000] {task_command.py:389} INFO - Running <TaskInstance: data_ingestion_to_cloud.upload_file_to_gcs manual__2022-01-01T08:41:01+00:00 [running]> on host 630310be3161
[2022-12-26T13:39:16.798+0000] {taskinstance.py:1513} INFO - Exporting the following env vars:
AIRFLOW_CTX_DAG_OWNER=***
AIRFLOW_CTX_DAG_ID=data_ingestion_to_cloud
AIRFLOW_CTX_TASK_ID=upload_file_to_gcs
AIRFLOW_CTX_EXECUTION_DATE=2022-01-01T08:41:01+00:00
AIRFLOW_CTX_TRY_NUMBER=11
AIRFLOW_CTX_DAG_RUN_ID=manual__2022-01-01T08:41:01+00:00
[2022-12-26T13:39:16.807+0000] {logging_mixin.py:137} INFO - yellow_tripdata_2022-1.parquet
[2022-12-26T13:39:18.209+0000] {logging_mixin.py:137} INFO - File yellow_tripdata_2022-1.parquet uploaded to raw/yellow_tripdata_2022-1.parquet.
[2022-12-26T13:39:18.210+0000] {python.py:177} INFO - Done. Returned value was: None
[2022-12-26T13:39:18.222+0000] {taskinstance.py:1327} INFO - Marking task as SUCCESS. dag_id=data_ingestion_to_cloud, task_id=upload_file_to_gcs, execution_date=20220101T084101, start_date=20221226T133916, end_date=20221226T133918
[2022-12-26T13:39:18.280+0000] {local_task_job.py:159} INFO - Task exited with return code 0
[2022-12-26T13:39:18.301+0000] {taskinstance.py:2582} INFO - 0 downstream tasks scheduled from follow-on schedule check
